[
  {
    "line": 2,
    "elements": [
      {
        "start_timestamp": "2022-04-11T00:14:39.520Z",
        "before": [
          {
            "result": {
              "duration": 10400235700,
              "status": "passed"
            },
            "match": {
              "location": "stepDefs.Hooks.setUp()"
            }
          }
        ],
        "line": 4,
        "name": "Sign In With Email",
        "description": "",
        "id": "search-test;sign-in-with-email",
        "after": [
          {
            "result": {
              "error_message": "org.openqa.selenium.NoSuchWindowException: no such window: target window already closed\nfrom unknown error: web view not found\n  (Session info: chrome\u003d100.0.4896.75)\nBuild info: version: \u00274.0.0-alpha-3\u0027, revision: \u00278c567de6dc\u0027\nSystem info: host: \u0027DESKTOP-O4QRLB7\u0027, ip: \u0027192.168.1.152\u0027, os.name: \u0027Windows 10\u0027, os.arch: \u0027amd64\u0027, os.version: \u002710.0\u0027, java.version: \u002711.0.14.1\u0027\nDriver info: org.openqa.selenium.chrome.ChromeDriver\nCapabilities {acceptInsecureCerts: false, browserName: chrome, browserVersion: 100.0.4896.75, chrome: {chromedriverVersion: 100.0.4896.60 (6a5d10861ce8..., userDataDir: C:\\Users\\Heydar\\AppData\\Loc...}, goog:chromeOptions: {debuggerAddress: localhost:50132}, javascriptEnabled: true, networkConnectionEnabled: false, pageLoadStrategy: normal, platform: WINDOWS, platformName: WINDOWS, proxy: Proxy(), setWindowRect: true, strictFileInteractability: false, timeouts: {implicit: 0, pageLoad: 300000, script: 30000}, unhandledPromptBehavior: dismiss and notify, webauthn:extension:credBlob: true, webauthn:extension:largeBlob: true, webauthn:virtualAuthenticators: true}\nSession ID: bb6e3866b04254cb6616e332002ef4c1\r\n\tat java.base/jdk.internal.reflect.NativeConstructorAccessorImpl.newInstance0(Native Method)\r\n\tat java.base/jdk.internal.reflect.NativeConstructorAccessorImpl.newInstance(NativeConstructorAccessorImpl.java:62)\r\n\tat java.base/jdk.internal.reflect.DelegatingConstructorAccessorImpl.newInstance(DelegatingConstructorAccessorImpl.java:45)\r\n\tat java.base/java.lang.reflect.Constructor.newInstance(Constructor.java:490)\r\n\tat org.openqa.selenium.remote.codec.w3c.W3CHttpResponseCodec.createException(W3CHttpResponseCodec.java:191)\r\n\tat org.openqa.selenium.remote.codec.w3c.W3CHttpResponseCodec.decode(W3CHttpResponseCodec.java:125)\r\n\tat org.openqa.selenium.remote.codec.w3c.W3CHttpResponseCodec.decode(W3CHttpResponseCodec.java:52)\r\n\tat org.openqa.selenium.remote.HttpCommandExecutor.execute(HttpCommandExecutor.java:161)\r\n\tat org.openqa.selenium.remote.service.DriverCommandExecutor.execute(DriverCommandExecutor.java:83)\r\n\tat org.openqa.selenium.remote.RemoteWebDriver.execute(RemoteWebDriver.java:576)\r\n\tat org.openqa.selenium.remote.RemoteWebDriver.execute(RemoteWebDriver.java:633)\r\n\tat org.openqa.selenium.remote.RemoteWebDriver.execute(RemoteWebDriver.java:637)\r\n\tat org.openqa.selenium.remote.RemoteWebDriver$RemoteWebDriverOptions$RemoteWindow.maximize(RemoteWebDriver.java:884)\r\n\tat utilities.Driver.getDriver(Driver.java:37)\r\n\tat stepDefs.Hooks.tearDown(Hooks.java:27)\r\n",
              "duration": 48755200,
              "status": "failed"
            },
            "match": {
              "location": "stepDefs.Hooks.tearDown(io.cucumber.java.Scenario)"
            }
          }
        ],
        "type": "scenario",
        "keyword": "Scenario",
        "steps": [
          {
            "result": {
              "duration": 496740500,
              "status": "passed"
            },
            "line": 5,
            "name": "User will navigate to HomePage",
            "match": {
              "location": "stepDefs.stepDefs.user_will_navigate_to_HomePage()"
            },
            "keyword": "Given "
          },
          {
            "result": {
              "duration": 113862300,
              "status": "passed"
            },
            "line": 6,
            "name": "User is on the home page",
            "match": {
              "location": "stepDefs.stepDefs.user_is_on_the_home_page()"
            },
            "keyword": "When "
          },
          {
            "result": {
              "duration": 111221100,
              "status": "passed"
            },
            "line": 7,
            "name": "User will see searchbox",
            "match": {
              "location": "stepDefs.stepDefs.user_will_see_searchbox()"
            },
            "keyword": "Then "
          },
          {
            "result": {
              "duration": 429426400,
              "status": "passed"
            },
            "line": 8,
            "name": "User will type \"Stainless work table\"",
            "match": {
              "arguments": [
                {
                  "val": "\"Stainless work table\"",
                  "offset": 15
                }
              ],
              "location": "stepDefs.stepDefs.user_will_type(java.lang.String)"
            },
            "keyword": "When "
          },
          {
            "result": {
              "duration": 4063977000,
              "status": "passed"
            },
            "line": 9,
            "name": "User will click on search button",
            "match": {
              "location": "stepDefs.stepDefs.user_will_click_on_search_button()"
            },
            "keyword": "And "
          },
          {
            "result": {
              "error_message": "org.openqa.selenium.NoSuchWindowException: no such window: target window already closed\nfrom unknown error: web view not found\n  (Session info: chrome\u003d100.0.4896.75)\nBuild info: version: \u00274.0.0-alpha-3\u0027, revision: \u00278c567de6dc\u0027\nSystem info: host: \u0027DESKTOP-O4QRLB7\u0027, ip: \u0027192.168.1.152\u0027, os.name: \u0027Windows 10\u0027, os.arch: \u0027amd64\u0027, os.version: \u002710.0\u0027, java.version: \u002711.0.14.1\u0027\nDriver info: org.openqa.selenium.chrome.ChromeDriver\nCapabilities {acceptInsecureCerts: false, browserName: chrome, browserVersion: 100.0.4896.75, chrome: {chromedriverVersion: 100.0.4896.60 (6a5d10861ce8..., userDataDir: C:\\Users\\Heydar\\AppData\\Loc...}, goog:chromeOptions: {debuggerAddress: localhost:50132}, javascriptEnabled: true, networkConnectionEnabled: false, pageLoadStrategy: normal, platform: WINDOWS, platformName: WINDOWS, proxy: Proxy(), setWindowRect: true, strictFileInteractability: false, timeouts: {implicit: 0, pageLoad: 300000, script: 30000}, unhandledPromptBehavior: dismiss and notify, webauthn:extension:credBlob: true, webauthn:extension:largeBlob: true, webauthn:virtualAuthenticators: true}\nSession ID: bb6e3866b04254cb6616e332002ef4c1\r\n\tat java.base/jdk.internal.reflect.NativeConstructorAccessorImpl.newInstance0(Native Method)\r\n\tat java.base/jdk.internal.reflect.NativeConstructorAccessorImpl.newInstance(NativeConstructorAccessorImpl.java:62)\r\n\tat java.base/jdk.internal.reflect.DelegatingConstructorAccessorImpl.newInstance(DelegatingConstructorAccessorImpl.java:45)\r\n\tat java.base/java.lang.reflect.Constructor.newInstance(Constructor.java:490)\r\n\tat org.openqa.selenium.remote.codec.w3c.W3CHttpResponseCodec.createException(W3CHttpResponseCodec.java:191)\r\n\tat org.openqa.selenium.remote.codec.w3c.W3CHttpResponseCodec.decode(W3CHttpResponseCodec.java:125)\r\n\tat org.openqa.selenium.remote.codec.w3c.W3CHttpResponseCodec.decode(W3CHttpResponseCodec.java:52)\r\n\tat org.openqa.selenium.remote.HttpCommandExecutor.execute(HttpCommandExecutor.java:161)\r\n\tat org.openqa.selenium.remote.service.DriverCommandExecutor.execute(DriverCommandExecutor.java:83)\r\n\tat org.openqa.selenium.remote.RemoteWebDriver.execute(RemoteWebDriver.java:576)\r\n\tat org.openqa.selenium.remote.RemoteWebElement.execute(RemoteWebElement.java:308)\r\n\tat org.openqa.selenium.remote.RemoteWebElement.getText(RemoteWebElement.java:173)\r\n\tat utilities.BrowserUtils.getElementsText(BrowserUtils.java:49)\r\n\tat stepDefs.stepDefs.user_will_verify_every_product_item_has_the_word_in_its_title(stepDefs.java:50)\r\n\tat âœ½.User will verify every product item has the word \"Table\" in its title.(file:///C:/Users/Heydar/OneDrive/Desktop/webstaurantstore/src/test/resources/features/search.feature:10)\r\n",
              "duration": 9388606200,
              "status": "failed"
            },
            "line": 10,
            "name": "User will verify every product item has the word \"Table\" in its title.",
            "match": {
              "arguments": [
                {
                  "val": "\"Table\"",
                  "offset": 49
                }
              ],
              "location": "stepDefs.stepDefs.user_will_verify_every_product_item_has_the_word_in_its_title(java.lang.String)"
            },
            "keyword": "Then "
          },
          {
            "result": {
              "duration": 1995000,
              "status": "skipped"
            },
            "line": 11,
            "name": "user wiil add last found item on the cart",
            "match": {
              "location": "stepDefs.stepDefs.user_wiil_add_last_found_item_on_the_cart()"
            },
            "keyword": "And "
          },
          {
            "result": {
              "duration": 999800,
              "status": "skipped"
            },
            "line": 12,
            "name": "user will empty the cart",
            "match": {
              "location": "stepDefs.stepDefs.user_will_empty_the_cart()"
            },
            "keyword": "Then "
          }
        ],
        "tags": [
          {
            "name": "@wip"
          }
        ]
      }
    ],
    "name": "Search Test",
    "description": "",
    "id": "search-test",
    "keyword": "Feature",
    "uri": "file:src/test/resources/features/search.feature",
    "tags": [
      {
        "name": "@wip",
        "type": "Tag",
        "location": {
          "line": 1,
          "column": 1
        }
      }
    ]
  }
]